<?xml version="1.0" encoding="UTF-8"?>
<testsuite name="works.weave.socks.shipping.entities.UnitPojo" tests="5" skipped="0" failures="0" errors="0" timestamp="2023-08-01T14:43:33" hostname="C14955" time="0.103">
  <properties/>
  <testcase name="ensureExpectedPojoCount" classname="works.weave.socks.shipping.entities.UnitPojo" time="0.08"/>
  <testcase name="testPojoStructureAndBehavior" classname="works.weave.socks.shipping.entities.UnitPojo" time="0.017"/>
  <testcase name="testHashcode" classname="works.weave.socks.shipping.entities.UnitPojo" time="0.001"/>
  <testcase name="testEquals" classname="works.weave.socks.shipping.entities.UnitPojo" time="0.0"/>
  <testcase name="testString" classname="works.weave.socks.shipping.entities.UnitPojo" time="0.0"/>
  <system-out><![CDATA[2023-08-01 17:43:33.915  INFO 75659 --- [    Test worker] com.openpojo.log.LoggerFactory           : Logging subsystem initialized to [com.openpojo.log.impl.SLF4JLogger]
2023-08-01 17:43:33.919  INFO 75659 --- [    Test worker] o.r.c.s.PojoCoverageFilterServiceFactory : Jacoco detected, auto-configuring OpenPojo to ignore its structures.
2023-08-01 17:43:33.978  INFO 75659 --- [    Test worker] c.o.validation.affirm.Affirmation        : Dynamically setting affirmation implementation = [com.openpojo.validation.affirm.JUnitAssertAffirmation [@30b99f8d: ]]
]]></system-out>
  <system-err><![CDATA[]]></system-err>
</testsuite>
